d:\ld\vc-c\translationbaseliblouis\translationbaseliblouis\translationbaseliblouis\debug\vc142.pdb
d:\ld\vc-c\translationbaseliblouis\translationbaseliblouis\translationbaseliblouis\debug\vc142.idb
d:\ld\vc-c\translationbaseliblouis\translationbaseliblouis\translationbaseliblouis\debug\utf-8tounicode.obj
d:\ld\vc-c\translationbaseliblouis\translationbaseliblouis\translationbaseliblouis\debug\transbsonliblouis.obj
d:\ld\vc-c\translationbaseliblouis\translationbaseliblouis\translationbaseliblouis\debug\tobraille.obj
d:\ld\vc-c\translationbaseliblouis\translationbaseliblouis\translationbaseliblouis\debug\compileflashtable.obj
d:\ld\vc-c\translationbaseliblouis\translationbaseliblouis\translationbaseliblouis\debug\mergesort.obj
d:\ld\vc-c\translationbaseliblouis\translationbaseliblouis\translationbaseliblouis\debug\compilefencidict.obj
d:\ld\vc-c\translationbaseliblouis\translationbaseliblouis\translationbaseliblouis\debug\compilealwaystable.obj
d:\ld\vc-c\translationbaseliblouis\translationbaseliblouis\debug\translationbaseliblouis.exe
d:\ld\vc-c\translationbaseliblouis\translationbaseliblouis\translationbaseliblouis\debug\translationbaseliblouis.ilk
d:\ld\vc-c\translationbaseliblouis\translationbaseliblouis\debug\translationbaseliblouis.pdb
d:\ld\vc-c\translationbaseliblouis\translationbaseliblouis\debug\translationbaseliblouis.lib
d:\ld\vc-c\translationbaseliblouis\translationbaseliblouis\debug\translationbaseliblouis.exp
d:\ld\vc-c\translationbaseliblouis\translationbaseliblouis\translationbaseliblouis\debug\compilefencidict.obj.enc
d:\ld\vc-c\translationbaseliblouis\translationbaseliblouis\translationbaseliblouis\debug\compileflashtable.obj.enc
d:\ld\vc-c\translationbaseliblouis\translationbaseliblouis\translationbaseliblouis\debug\transbsonliblouis.obj.enc
d:\ld\vc-c\translationbaseliblouis\translationbaseliblouis\translationbaseliblouis\debug\translat.1ea4d6da.tlog\cl.command.1.tlog
d:\ld\vc-c\translationbaseliblouis\translationbaseliblouis\translationbaseliblouis\debug\translat.1ea4d6da.tlog\cl.read.1.tlog
d:\ld\vc-c\translationbaseliblouis\translationbaseliblouis\translationbaseliblouis\debug\translat.1ea4d6da.tlog\cl.write.1.tlog
d:\ld\vc-c\translationbaseliblouis\translationbaseliblouis\translationbaseliblouis\debug\translat.1ea4d6da.tlog\link-cvtres.read.1.tlog
d:\ld\vc-c\translationbaseliblouis\translationbaseliblouis\translationbaseliblouis\debug\translat.1ea4d6da.tlog\link-cvtres.write.1.tlog
d:\ld\vc-c\translationbaseliblouis\translationbaseliblouis\translationbaseliblouis\debug\translat.1ea4d6da.tlog\link-rc.read.1.tlog
d:\ld\vc-c\translationbaseliblouis\translationbaseliblouis\translationbaseliblouis\debug\translat.1ea4d6da.tlog\link-rc.write.1.tlog
d:\ld\vc-c\translationbaseliblouis\translationbaseliblouis\translationbaseliblouis\debug\translat.1ea4d6da.tlog\link.7224-cvtres.read.1.tlog
d:\ld\vc-c\translationbaseliblouis\translationbaseliblouis\translationbaseliblouis\debug\translat.1ea4d6da.tlog\link.7224-cvtres.write.1.tlog
d:\ld\vc-c\translationbaseliblouis\translationbaseliblouis\translationbaseliblouis\debug\translat.1ea4d6da.tlog\link.7224-rc.read.1.tlog
d:\ld\vc-c\translationbaseliblouis\translationbaseliblouis\translationbaseliblouis\debug\translat.1ea4d6da.tlog\link.7224-rc.write.1.tlog
d:\ld\vc-c\translationbaseliblouis\translationbaseliblouis\translationbaseliblouis\debug\translat.1ea4d6da.tlog\link.7224.read.1.tlog
d:\ld\vc-c\translationbaseliblouis\translationbaseliblouis\translationbaseliblouis\debug\translat.1ea4d6da.tlog\link.7224.write.1.tlog
d:\ld\vc-c\translationbaseliblouis\translationbaseliblouis\translationbaseliblouis\debug\translat.1ea4d6da.tlog\link.command.1.tlog
d:\ld\vc-c\translationbaseliblouis\translationbaseliblouis\translationbaseliblouis\debug\translat.1ea4d6da.tlog\link.read.1.tlog
d:\ld\vc-c\translationbaseliblouis\translationbaseliblouis\translationbaseliblouis\debug\translat.1ea4d6da.tlog\link.write.1.tlog
d:\ld\vc-c\translationbaseliblouis\translationbaseliblouis\translationbaseliblouis\debug\translat.1ea4d6da.tlog\translationbaseliblouis.write.1u.tlog
